<?xml version="1.0" encoding="UTF-8"?>
<testng-results ignored="0" total="1" passed="1" failed="0" skipped="0">
  <reporter-output>
  </reporter-output>
  <suite started-at="2025-03-17T12:34:39 IST" name="Default suite" finished-at="2025-03-17T12:34:50 IST" duration-ms="11278">
    <groups>
    </groups>
    <test started-at="2025-03-17T12:34:39 IST" name="Default test" finished-at="2025-03-17T12:34:50 IST" duration-ms="11278">
      <class name="Registreaccount.TC_RF_005">
        <test-method signature="VerifyRegisteringAccountBySubscribingToNewSletter()[pri:0, instance:Registreaccount.TC_RF_005@3daf7722]" started-at="2025-03-17T12:34:39 IST" name="VerifyRegisteringAccountBySubscribingToNewSletter" finished-at="2025-03-17T12:34:50 IST" duration-ms="11225" status="PASS">
          <reporter-output>
          </reporter-output>
        </test-method> <!-- VerifyRegisteringAccountBySubscribingToNewSletter -->
      </class> <!-- Registreaccount.TC_RF_005 -->
    </test> <!-- Default test -->
  </suite> <!-- Default suite -->
</testng-results>
